[browser] You have Reduced Motion enabled on your device. Animations may not appear as expected. (file://C:/Users/rushd/Downloads/god is great/ecosphere/.next/dev/static/chunks/node_modules_next_dist_1ybzpk2._.js:2477:13)
[browser] A tree hydrated but some attributes of the server rendered HTML didn't match the client properties. This won't be patched up. This can happen if a SSR-ed Client Component used:

- A server/client branch `if (typeof window !== 'undefined')`.
- Variable input such as `Date.now()` or `Math.random()` which changes each time it's called.
- Date formatting in a user's locale which doesn't match the server.
- External changing data without sending a snapshot of it along with the HTML.
- Invalid HTML tag nesting.

It can also happen if the client has a browser extension installed which messes with the HTML before React loaded.

https://react.dev/link/hydration-mismatch

  ...
    <RedirectBoundary>
      <RedirectErrorBoundary router={{...}}>
        <InnerLayoutRouter url="/" tree={[...]} params={{}} cacheNode={{rsc:{...}, ...}} segmentPath={[...]} ...>
          <SegmentViewNode type="page" pagePath="page.tsx">
            <SegmentTrieNode>
            <ClientPageRoot Component={function LandingPage} serverProvidedParams={{...}}>
              <LandingPage params={Promise} searchParams={Promise}>
                <div className="min-h-[100...">
                  <Nav>
                  <main>
                    <HeroSection r={true}>
                      <section className="relative o...">
                        <div className="mx-auto ma...">
                          <div className="grid items...">
                            <motion.div initial={{}} whileInView={{opacity:1,y:0}} viewport={{once:true, ...}} ...>
                              <div
                                style={{
-                                 opacity: "0"
-                                 transform: "translateY(24px)"
                                }}
                                ref={function useMotionRef.useCallback}
                              >
                            <motion.div initial={{}} animate={{}} transition={{duration:0.8, ...}} className="relative">
                              <div
                                className="relative"
                                style={{
-                                 opacity: "0"
-                                 transform: "translateX(40px)"
                                }}
                                ref={function useMotionRef.useCallback}
                              >
                    <TrustedBySection>
                    <PillarsSection r={true}>
                      <section className="py-20 md:p...">
                        <div className="mx-auto ma...">
                          <motion.div initial={{}} whileInView={{opacity:1,y:0}} viewport={{once:true, ...}} ...>
                            <div
                              className="mb-14 text-center"
                              style={{
-                               opacity: "0"
-                               transform: "translateY(24px)"
                              }}
                              ref={function useMotionRef.useCallback}
                            >
                          <div className="grid gap-6...">
                            ...
                              <a className="group rela..." ref={function} onClick={function onClick} ...>
                                <motion.div initial={{}} whileInView={{opacity:1,y:0}} viewport={{once:true, ...}} ...>
                                  <div
                                    className="h-full"
                                    style={{
-                                     opacity: "0"
-                                     transform: "translateY(24px)"
                                    }}
                                    ref={function useMotionRef.useCallback}
                                  >
                            ...
                              <a className="group rela..." ref={function} onClick={function onClick} ...>
                                <motion.div initial={{}} whileInView={{opacity:1,y:0}} viewport={{once:true, ...}} ...>
                                  <div
                                    className="h-full"
                                    style={{
-                                     opacity: "0"
-                                     transform: "translateY(24px)"
                                    }}
                                    ref={function useMotionRef.useCallback}
                                  >
                            ...
                              <a className="group rela..." ref={function} onClick={function onClick} ...>
                                <motion.div initial={{}} whileInView={{opacity:1,y:0}} viewport={{once:true, ...}} ...>
                                  <div
                                    className="h-full"
                                    style={{
-                                     opacity: "0"
-                                     transform: "translateY(24px)"
                                    }}
                                    ref={function useMotionRef.useCallback}
                                  >
                    <AIFeaturesSection r={true}>
                      <section className="py-20 md:p...">
                        <div className="mx-auto ma...">
                          <motion.div initial={{}} whileInView={{opacity:1,y:0}} viewport={{once:true, ...}} ...>
                            <div
                              style={{
-                               opacity: "0"
-                               transform: "translateY(24px)"
                              }}
                              ref={function useMotionRef.useCallback}
                            >
                          <div className="mt-12 grid...">
                            <motion.div initial={{}} whileInView={{opacity:1,y:0}} viewport={{once:true}} ...>
                              <div
                                className="flex gap-4 rounded-2xl border border-slate-200/60 bg-white p-6 transition-c..."
                                style={{
-                                 opacity: "0"
-                                 transform: "translateY(20px)"
                                }}
                                ref={function useMotionRef.useCallback}
                              >
                            <motion.div initial={{}} whileInView={{opacity:1,y:0}} viewport={{once:true}} ...>
                              <div
                                className="flex gap-4 rounded-2xl border border-slate-200/60 bg-white p-6 transition-c..."
                                style={{
-                                 opacity: "0"
-                                 transform: "translateY(20px)"
                                }}
                                ref={function useMotionRef.useCallback}
                              >
                            <motion.div initial={{}} whileInView={{opacity:1,y:0}} viewport={{once:true}} ...>
                              <div
                                className="flex gap-4 rounded-2xl border border-slate-200/60 bg-white p-6 transition-c..."
                                style={{
-                                 opacity: "0"
-                                 transform: "translateY(20px)"
                                }}
                                ref={function useMotionRef.useCallback}
                              >
                            <motion.div initial={{}} whileInView={{opacity:1,y:0}} viewport={{once:true}} ...>
                              <div
                                className="flex gap-4 rounded-2xl border border-slate-200/60 bg-white p-6 transition-c..."
                                style={{
-                                 opacity: "0"
-                                 transform: "translateY(20px)"
                                }}
                                ref={function useMotionRef.useCallback}
                              >
                    <HowItWorksSection r={true}>
                      <section className="py-20 md:p...">
                        <div className="mx-auto ma...">
                          <motion.div initial={{}} whileInView={{opacity:1,y:0}} viewport={{once:true, ...}} ...>
                            <div
                              className="mb-14 text-center"
                              style={{
-                               opacity: "0"
-                               transform: "translateY(24px)"
                              }}
                              ref={function useMotionRef.useCallback}
                            >
                          <div className="grid gap-8...">
                            <motion.div initial={{}} whileInView={{opacity:1,y:0}} viewport={{once:true}} ...>
                              <div
                                className="relative text-center"
                                style={{
-                                 opacity: "0"
-                                 transform: "translateY(24px)"
                                }}
                                ref={function useMotionRef.useCallback}
                              >
                            <motion.div initial={{}} whileInView={{opacity:1,y:0}} viewport={{once:true}} ...>
                              <div
                                className="relative text-center"
                                style={{
-                                 opacity: "0"
-                                 transform: "translateY(24px)"
                                }}
                                ref={function useMotionRef.useCallback}
                              >
                            <motion.div initial={{}} whileInView={{opacity:1,y:0}} viewport={{once:true}} ...>
                              <div
                                className="relative text-center"
                                style={{
-                                 opacity: "0"
-                                 transform: "translateY(24px)"
                                }}
                                ref={function useMotionRef.useCallback}
                              >
                    <CTASection r={true}>
                      <section className="py-24 md:p...">
                        <div className="mx-auto ma...">
                          <motion.div initial={{}} whileInView={{opacity:1,y:0}} viewport={{once:true}} ...>
                            <div
                              className="relative overflow-hidden rounded-3xl bg-emerald-600 px-8 py-16 text-center te..."
                              style={{
-                               opacity: "0"
-                               transform: "translateY(30px)"
                              }}
                              ref={function useMotionRef.useCallback}
                            >
                  ...
          ...
        ...
 
    at <unknown> (file://C:/Users/rushd/Downloads/god is great/ecosphere/.next/dev/static/chunks/node_modules_next_dist_compiled_react-dom_096_9a-._.js:3439:25)
    at runWithFiberInDEV (file://C:/Users/rushd/Downloads/god is great/ecosphere/.next/dev/static/chunks/node_modules_next_dist_compiled_react-dom_096_9a-._.js:965:74)
    at emitPendingHydrationWarnings (file://C:/Users/rushd/Downloads/god is great/ecosphere/.next/dev/static/chunks/node_modules_next_dist_compiled_react-dom_096_9a-._.js:3438:13)
    at completeWork (file://C:/Users/rushd/Downloads/god is great/ecosphere/.next/dev/static/chunks/node_modules_next_dist_compiled_react-dom_096_9a-._.js:6885:102)
    at runWithFiberInDEV (file://C:/Users/rushd/Downloads/god is great/ecosphere/.next/dev/static/chunks/node_modules_next_dist_compiled_react-dom_096_9a-._.js:965:131)
    at completeUnitOfWork (file://C:/Users/rushd/Downloads/god is great/ecosphere/.next/dev/static/chunks/node_modules_next_dist_compiled_react-dom_096_9a-._.js:9622:23)
    at performUnitOfWork (file://C:/Users/rushd/Downloads/god is great/ecosphere/.next/dev/static/chunks/node_modules_next_dist_compiled_react-dom_096_9a-._.js:9557:28)
    at workLoopConcurrentByScheduler (file://C:/Users/rushd/Downloads/god is great/ecosphere/.next/dev/static/chunks/node_modules_next_dist_compiled_react-dom_096_9a-._.js:9551:58)
    at renderRootConcurrent (file://C:/Users/rushd/Downloads/god is great/ecosphere/.next/dev/static/chunks/node_modules_next_dist_compiled_react-dom_096_9a-._.js:9534:71)
    at performWorkOnRoot (file://C:/Users/rushd/Downloads/god is great/ecosphere/.next/dev/static/chunks/node_modules_next_dist_compiled_react-dom_096_9a-._.js:9061:150)
    at performWorkOnRootViaSchedulerTask (file://C:/Users/rushd/Downloads/god is great/ecosphere/.next/dev/static/chunks/node_modules_next_dist_compiled_react-dom_096_9a-._.js:10255:9)
    at MessagePort.performWorkUntilDeadline (file://C:/Users/rushd/Downloads/god is great/ecosphere/.next/dev/static/chunks/node_modules_next_dist_compiled_1amofcm._.js:2647:64) (file://C:/Users/rushd/Downloads/god is great/ecosphere/.next/dev/static/chunks/node_modules_next_dist_compiled_react-dom_096_9a-._.js:3439:25)
[browser] You have Reduced Motion enabled on your device. Animations may not appear as expected. (file://C:/Users/rushd/Downloads/god is great/ecosphere/.next/dev/static/chunks/node_modules_next_dist_1ybzpk2._.js:2477:13)
[browser] A tree hydrated but some attributes of the server rendered HTML didn't match the client properties. This won't be patched up. This can happen if a SSR-ed Client Component used:

- A server/client branch `if (typeof window !== 'undefined')`.
- Variable input such as `Date.now()` or `Math.random()` which changes each time it's called.
- Date formatting in a user's locale which doesn't match the server.
- External changing data without sending a snapshot of it along with the HTML.
- Invalid HTML tag nesting.

It can also happen if the client has a browser extension installed which messes with the HTML before React loaded.

https://react.dev/link/hydration-mismatch

  ...
    <RedirectBoundary>
      <RedirectErrorBoundary router={{...}}>
        <InnerLayoutRouter url="/" tree={[...]} params={{}} cacheNode={{rsc:{...}, ...}} segmentPath={[...]} ...>
          <SegmentViewNode type="page" pagePath="page.tsx">
            <SegmentTrieNode>
            <ClientPageRoot Component={function LandingPage} serverProvidedParams={{...}}>
              <LandingPage params={Promise} searchParams={Promise}>
                <div className="min-h-[100...">
                  <Nav>
                  <main>
                    <HeroSection r={true}>
                      <section className="relative o...">
                        <div className="mx-auto ma...">
                          <div className="grid items...">
                            <motion.div initial={{}} whileInView={{opacity:1,y:0}} viewport={{once:true, ...}} ...>
                              <div
                                style={{
-                                 opacity: "0"
-                                 transform: "translateY(24px)"
                                }}
                                ref={function useMotionRef.useCallback}
                              >
                            <motion.div initial={{}} animate={{}} transition={{duration:0.8, ...}} className="relative">
                              <div
                                className="relative"
                                style={{
-                                 opacity: "0"
-                                 transform: "translateX(40px)"
                                }}
                                ref={function useMotionRef.useCallback}
                              >
                    <TrustedBySection>
                    <PillarsSection r={true}>
                      <section className="py-20 md:p...">
                        <div className="mx-auto ma...">
                          <motion.div initial={{}} whileInView={{opacity:1,y:0}} viewport={{once:true, ...}} ...>
                            <div
                              className="mb-14 text-center"
                              style={{
-                               opacity: "0"
-                               transform: "translateY(24px)"
                              }}
                              ref={function useMotionRef.useCallback}
                            >
                          <div className="grid gap-6...">
                            ...
                              <a className="group rela..." ref={function} onClick={function onClick} ...>
                                <motion.div initial={{}} whileInView={{opacity:1,y:0}} viewport={{once:true, ...}} ...>
                                  <div
                                    className="h-full"
                                    style={{
-                                     opacity: "0"
-                                     transform: "translateY(24px)"
                                    }}
                                    ref={function useMotionRef.useCallback}
                                  >
                            ...
                              <a className="group rela..." ref={function} onClick={function onClick} ...>
                                <motion.div initial={{}} whileInView={{opacity:1,y:0}} viewport={{once:true, ...}} ...>
                                  <div
                                    className="h-full"
                                    style={{
-                                     opacity: "0"
-                                     transform: "translateY(24px)"
                                    }}
                                    ref={function useMotionRef.useCallback}
                                  >
                            ...
                              <a className="group rela..." ref={function} onClick={function onClick} ...>
                                <motion.div initial={{}} whileInView={{opacity:1,y:0}} viewport={{once:true, ...}} ...>
                                  <div
                                    className="h-full"
                                    style={{
-                                     opacity: "0"
-                                     transform: "translateY(24px)"
                                    }}
                                    ref={function useMotionRef.useCallback}
                                  >
                    <AIFeaturesSection r={true}>
                      <section className="py-20 md:p...">
                        <div className="mx-auto ma...">
                          <motion.div initial={{}} whileInView={{opacity:1,y:0}} viewport={{once:true, ...}} ...>
                            <div
                              style={{
-                               opacity: "0"
-                               transform: "translateY(24px)"
                              }}
                              ref={function useMotionRef.useCallback}
                            >
                          <div className="mt-12 grid...">
                            <motion.div initial={{}} whileInView={{opacity:1,y:0}} viewport={{once:true}} ...>
                              <div
                                className="flex gap-4 rounded-2xl border border-slate-200/60 bg-white p-6 transition-c..."
                                style={{
-                                 opacity: "0"
-                                 transform: "translateY(20px)"
                                }}
                                ref={function useMotionRef.useCallback}
                              >
                            <motion.div initial={{}} whileInView={{opacity:1,y:0}} viewport={{once:true}} ...>
                              <div
                                className="flex gap-4 rounded-2xl border border-slate-200/60 bg-white p-6 transition-c..."
                                style={{
-                                 opacity: "0"
-                                 transform: "translateY(20px)"
                                }}
                                ref={function useMotionRef.useCallback}
                              >
                            <motion.div initial={{}} whileInView={{opacity:1,y:0}} viewport={{once:true}} ...>
                              <div
                                className="flex gap-4 rounded-2xl border border-slate-200/60 bg-white p-6 transition-c..."
                                style={{
-                                 opacity: "0"
-                                 transform: "translateY(20px)"
                                }}
                                ref={function useMotionRef.useCallback}
                              >
                            <motion.div initial={{}} whileInView={{opacity:1,y:0}} viewport={{once:true}} ...>
                              <div
                                className="flex gap-4 rounded-2xl border border-slate-200/60 bg-white p-6 transition-c..."
                                style={{
-                                 opacity: "0"
-                                 transform: "translateY(20px)"
                                }}
                                ref={function useMotionRef.useCallback}
                              >
                    <HowItWorksSection r={true}>
                      <section className="py-20 md:p...">
                        <div className="mx-auto ma...">
                          <motion.div initial={{}} whileInView={{opacity:1,y:0}} viewport={{once:true, ...}} ...>
                            <div
                              className="mb-14 text-center"
                              style={{
-                               opacity: "0"
-                               transform: "translateY(24px)"
                              }}
                              ref={function useMotionRef.useCallback}
                            >
                          <div className="grid gap-8...">
                            <motion.div initial={{}} whileInView={{opacity:1,y:0}} viewport={{once:true}} ...>
                              <div
                                className="relative text-center"
                                style={{
-                                 opacity: "0"
-                                 transform: "translateY(24px)"
                                }}
                                ref={function useMotionRef.useCallback}
                              >
                            <motion.div initial={{}} whileInView={{opacity:1,y:0}} viewport={{once:true}} ...>
                              <div
                                className="relative text-center"
                                style={{
-                                 opacity: "0"
-                                 transform: "translateY(24px)"
                                }}
                                ref={function useMotionRef.useCallback}
                              >
                            <motion.div initial={{}} whileInView={{opacity:1,y:0}} viewport={{once:true}} ...>
                              <div
                                className="relative text-center"
                                style={{
-                                 opacity: "0"
-                                 transform: "translateY(24px)"
                                }}
                                ref={function useMotionRef.useCallback}
                              >
                    <CTASection r={true}>
                      <section className="py-24 md:p...">
                        <div className="mx-auto ma...">
                          <motion.div initial={{}} whileInView={{opacity:1,y:0}} viewport={{once:true}} ...>
                            <div
                              className="relative overflow-hidden rounded-3xl bg-emerald-600 px-8 py-16 text-center te..."
                              style={{
-                               opacity: "0"
-                               transform: "translateY(30px)"
                              }}
                              ref={function useMotionRef.useCallback}
                            >
                  ...
          ...
        ...
 
    at <unknown> (file://C:/Users/rushd/Downloads/god is great/ecosphere/.next/dev/static/chunks/node_modules_next_dist_compiled_react-dom_096_9a-._.js:3439:25)
    at runWithFiberInDEV (file://C:/Users/rushd/Downloads/god is great/ecosphere/.next/dev/static/chunks/node_modules_next_dist_compiled_react-dom_096_9a-._.js:965:74)
    at emitPendingHydrationWarnings (file://C:/Users/rushd/Downloads/god is great/ecosphere/.next/dev/static/chunks/node_modules_next_dist_compiled_react-dom_096_9a-._.js:3438:13)
    at completeWork (file://C:/Users/rushd/Downloads/god is great/ecosphere/.next/dev/static/chunks/node_modules_next_dist_compiled_react-dom_096_9a-._.js:6885:102)
    at runWithFiberInDEV (file://C:/Users/rushd/Downloads/god is great/ecosphere/.next/dev/static/chunks/node_modules_next_dist_compiled_react-dom_096_9a-._.js:965:131)
    at completeUnitOfWork (file://C:/Users/rushd/Downloads/god is great/ecosphere/.next/dev/static/chunks/node_modules_next_dist_compiled_react-dom_096_9a-._.js:9622:23)
    at performUnitOfWork (file://C:/Users/rushd/Downloads/god is great/ecosphere/.next/dev/static/chunks/node_modules_next_dist_compiled_react-dom_096_9a-._.js:9557:28)
    at workLoopConcurrentByScheduler (file://C:/Users/rushd/Downloads/god is great/ecosphere/.next/dev/static/chunks/node_modules_next_dist_compiled_react-dom_096_9a-._.js:9551:58)
    at renderRootConcurrent (file://C:/Users/rushd/Downloads/god is great/ecosphere/.next/dev/static/chunks/node_modules_next_dist_compiled_react-dom_096_9a-._.js:9534:71)
    at performWorkOnRoot (file://C:/Users/rushd/Downloads/god is great/ecosphere/.next/dev/static/chunks/node_modules_next_dist_compiled_react-dom_096_9a-._.js:9061:150)
    at performWorkOnRootViaSchedulerTask (file://C:/Users/rushd/Downloads/god is great/ecosphere/.next/dev/static/chunks/node_modules_next_dist_compiled_react-dom_096_9a-._.js:10255:9)
    at MessagePort.performWorkUntilDeadline (file://C:/Users/rushd/Downloads/god is great/ecosphere/.next/dev/static/chunks/node_modules_next_dist_compiled_1amofcm._.js:2647:64) (file://C:/Users/rushd/Downloads/god is great/ecosphere/.next/dev/static/chunks/node_modules_next_dist_compiled_react-dom_096_9a-._.js:3439:25)
[browser] You have Reduced Motion enabled on your device. Animations may not appear as expected. (file://C:/Users/rushd/Downloads/god is great/ecosphere/.next/dev/static/chunks/node_modules_next_dist_1ybzpk2._.js:2477:13)
[browser] A tree hydrated but some attributes of the server rendered HTML didn't match the client properties. This won't be patched up. This can happen if a SSR-ed Client Component used:

- A server/client branch `if (typeof window !== 'undefined')`.
- Variable input such as `Date.now()` or `Math.random()` which changes each time it's called.
- Date formatting in a user's locale which doesn't match the server.
- External changing data without sending a snapshot of it along with the HTML.
- Invalid HTML tag nesting.

It can also happen if the client has a browser extension installed which messes with the HTML before React loaded.

https://react.dev/link/hydration-mismatch

  ...
    <RedirectBoundary>
      <RedirectErrorBoundary router={{...}}>
        <InnerLayoutRouter url="/" tree={[...]} params={{}} cacheNode={{rsc:{...}, ...}} segmentPath={[...]} ...>
          <SegmentViewNode type="page" pagePath="page.tsx">
            <SegmentTrieNode>
            <ClientPageRoot Component={function LandingPage} serverProvidedParams={{...}}>
              <LandingPage params={Promise} searchParams={Promise}>
                <div className="min-h-[100...">
                  <Nav>
                  <main>
                    <HeroSection r={true}>
                      <section className="relative o...">
                        <div className="mx-auto ma...">
                          <div className="grid items...">
                            <motion.div initial={{}} whileInView={{opacity:1,y:0}} viewport={{once:true, ...}} ...>
                              <div
                                style={{
-                                 opacity: "0"
-                                 transform: "translateY(24px)"
                                }}
                                ref={function useMotionRef.useCallback}
                              >
                            <motion.div initial={{}} animate={{}} transition={{duration:0.8, ...}} className="relative">
                              <div
                                className="relative"
                                style={{
-                                 opacity: "0"
-                                 transform: "translateX(40px)"
                                }}
                                ref={function useMotionRef.useCallback}
                              >
                    <TrustedBySection>
                    <PillarsSection r={true}>
                      <section className="py-20 md:p...">
                        <div className="mx-auto ma...">
                          <motion.div initial={{}} whileInView={{opacity:1,y:0}} viewport={{once:true, ...}} ...>
                            <div
                              className="mb-14 text-center"
                              style={{
-                               opacity: "0"
-                               transform: "translateY(24px)"
                              }}
                              ref={function useMotionRef.useCallback}
                            >
                          <div className="grid gap-6...">
                            ...
                              <a className="group rela..." ref={function} onClick={function onClick} ...>
                                <motion.div initial={{}} whileInView={{opacity:1,y:0}} viewport={{once:true, ...}} ...>
                                  <div
                                    className="h-full"
                                    style={{
-                                     opacity: "0"
-                                     transform: "translateY(24px)"
                                    }}
                                    ref={function useMotionRef.useCallback}
                                  >
                            ...
                              <a className="group rela..." ref={function} onClick={function onClick} ...>
                                <motion.div initial={{}} whileInView={{opacity:1,y:0}} viewport={{once:true, ...}} ...>
                                  <div
                                    className="h-full"
                                    style={{
-                                     opacity: "0"
-                                     transform: "translateY(24px)"
                                    }}
                                    ref={function useMotionRef.useCallback}
                                  >
                            ...
                              <a className="group rela..." ref={function} onClick={function onClick} ...>
                                <motion.div initial={{}} whileInView={{opacity:1,y:0}} viewport={{once:true, ...}} ...>
                                  <div
                                    className="h-full"
                                    style={{
-                                     opacity: "0"
-                                     transform: "translateY(24px)"
                                    }}
                                    ref={function useMotionRef.useCallback}
                                  >
                    <AIFeaturesSection r={true}>
                      <section className="py-20 md:p...">
                        <div className="mx-auto ma...">
                          <motion.div initial={{}} whileInView={{opacity:1,y:0}} viewport={{once:true, ...}} ...>
                            <div
                              style={{
-                               opacity: "0"
-                               transform: "translateY(24px)"
                              }}
                              ref={function useMotionRef.useCallback}
                            >
                          <div className="mt-12 grid...">
                            <motion.div initial={{}} whileInView={{opacity:1,y:0}} viewport={{once:true}} ...>
                              <div
                                className="flex gap-4 rounded-2xl border border-slate-200/60 bg-white p-6 transition-c..."
                                style={{
-                                 opacity: "0"
-                                 transform: "translateY(20px)"
                                }}
                                ref={function useMotionRef.useCallback}
                              >
                            <motion.div initial={{}} whileInView={{opacity:1,y:0}} viewport={{once:true}} ...>
                              <div
                                className="flex gap-4 rounded-2xl border border-slate-200/60 bg-white p-6 transition-c..."
                                style={{
-                                 opacity: "0"
-                                 transform: "translateY(20px)"
                                }}
                                ref={function useMotionRef.useCallback}
                              >
                            <motion.div initial={{}} whileInView={{opacity:1,y:0}} viewport={{once:true}} ...>
                              <div
                                className="flex gap-4 rounded-2xl border border-slate-200/60 bg-white p-6 transition-c..."
                                style={{
-                                 opacity: "0"
-                                 transform: "translateY(20px)"
                                }}
                                ref={function useMotionRef.useCallback}
                              >
                            <motion.div initial={{}} whileInView={{opacity:1,y:0}} viewport={{once:true}} ...>
                              <div
                                className="flex gap-4 rounded-2xl border border-slate-200/60 bg-white p-6 transition-c..."
                                style={{
-                                 opacity: "0"
-                                 transform: "translateY(20px)"
                                }}
                                ref={function useMotionRef.useCallback}
                              >
                    <HowItWorksSection r={true}>
                      <section className="py-20 md:p...">
                        <div className="mx-auto ma...">
                          <motion.div initial={{}} whileInView={{opacity:1,y:0}} viewport={{once:true, ...}} ...>
                            <div
                              className="mb-14 text-center"
                              style={{
-                               opacity: "0"
-                               transform: "translateY(24px)"
                              }}
                              ref={function useMotionRef.useCallback}
                            >
                          <div className="grid gap-8...">
                            <motion.div initial={{}} whileInView={{opacity:1,y:0}} viewport={{once:true}} ...>
                              <div
                                className="relative text-center"
                                style={{
-                                 opacity: "0"
-                                 transform: "translateY(24px)"
                                }}
                                ref={function useMotionRef.useCallback}
                              >
                            <motion.div initial={{}} whileInView={{opacity:1,y:0}} viewport={{once:true}} ...>
                              <div
                                className="relative text-center"
                                style={{
-                                 opacity: "0"
-                                 transform: "translateY(24px)"
                                }}
                                ref={function useMotionRef.useCallback}
                              >
                            <motion.div initial={{}} whileInView={{opacity:1,y:0}} viewport={{once:true}} ...>
                              <div
                                className="relative text-center"
                                style={{
-                                 opacity: "0"
-                                 transform: "translateY(24px)"
                                }}
                                ref={function useMotionRef.useCallback}
                              >
                    <CTASection r={true}>
                      <section className="py-24 md:p...">
                        <div className="mx-auto ma...">
                          <motion.div initial={{}} whileInView={{opacity:1,y:0}} viewport={{once:true}} ...>
                            <div
                              className="relative overflow-hidden rounded-3xl bg-emerald-600 px-8 py-16 text-center te..."
                              style={{
-                               opacity: "0"
-                               transform: "translateY(30px)"
                              }}
                              ref={function useMotionRef.useCallback}
                            >
                  ...
          ...
        ...
 
    at <unknown> (file://C:/Users/rushd/Downloads/god is great/ecosphere/.next/dev/static/chunks/node_modules_next_dist_compiled_react-dom_096_9a-._.js:3439:25)
    at runWithFiberInDEV (file://C:/Users/rushd/Downloads/god is great/ecosphere/.next/dev/static/chunks/node_modules_next_dist_compiled_react-dom_096_9a-._.js:965:74)
    at emitPendingHydrationWarnings (file://C:/Users/rushd/Downloads/god is great/ecosphere/.next/dev/static/chunks/node_modules_next_dist_compiled_react-dom_096_9a-._.js:3438:13)
    at completeWork (file://C:/Users/rushd/Downloads/god is great/ecosphere/.next/dev/static/chunks/node_modules_next_dist_compiled_react-dom_096_9a-._.js:6885:102)
    at runWithFiberInDEV (file://C:/Users/rushd/Downloads/god is great/ecosphere/.next/dev/static/chunks/node_modules_next_dist_compiled_react-dom_096_9a-._.js:965:131)
    at completeUnitOfWork (file://C:/Users/rushd/Downloads/god is great/ecosphere/.next/dev/static/chunks/node_modules_next_dist_compiled_react-dom_096_9a-._.js:9622:23)
    at performUnitOfWork (file://C:/Users/rushd/Downloads/god is great/ecosphere/.next/dev/static/chunks/node_modules_next_dist_compiled_react-dom_096_9a-._.js:9557:28)
    at workLoopConcurrentByScheduler (file://C:/Users/rushd/Downloads/god is great/ecosphere/.next/dev/static/chunks/node_modules_next_dist_compiled_react-dom_096_9a-._.js:9551:58)
    at renderRootConcurrent (file://C:/Users/rushd/Downloads/god is great/ecosphere/.next/dev/static/chunks/node_modules_next_dist_compiled_react-dom_096_9a-._.js:9534:71)
    at performWorkOnRoot (file://C:/Users/rushd/Downloads/god is great/ecosphere/.next/dev/static/chunks/node_modules_next_dist_compiled_react-dom_096_9a-._.js:9061:150)
    at performWorkOnRootViaSchedulerTask (file://C:/Users/rushd/Downloads/god is great/ecosphere/.next/dev/static/chunks/node_modules_next_dist_compiled_react-dom_096_9a-._.js:10255:9)
    at MessagePort.performWorkUntilDeadline (file://C:/Users/rushd/Downloads/god is great/ecosphere/.next/dev/static/chunks/node_modules_next_dist_compiled_1amofcm._.js:2647:64) (file://C:/Users/rushd/Downloads/god is great/ecosphere/.next/dev/static/chunks/node_modules_next_dist_compiled_react-dom_096_9a-._.js:3439:25)
Report PDF generation error: SyntaxError: Unexpected end of JSON input
    at JSON.parse (<anonymous>)
    at async POST (src\app\api\reports\route.ts:175:18)
  173 |     }
  174 |
> 175 |     const body = await request.json();
      |                  ^
  176 |     const type = body.type || "executive";
  177 |
  178 |     // Lookup first seeded organization
[browser] You have Reduced Motion enabled on your device. Animations may not appear as expected. (file://C:/Users/rushd/Downloads/god is great/ecosphere/.next/dev/static/chunks/node_modules_next_dist_1ybzpk2._.js:2477:13)
[browser] A tree hydrated but some attributes of the server rendered HTML didn't match the client properties. This won't be patched up. This can happen if a SSR-ed Client Component used:

- A server/client branch `if (typeof window !== 'undefined')`.
- Variable input such as `Date.now()` or `Math.random()` which changes each time it's called.
- Date formatting in a user's locale which doesn't match the server.
- External changing data without sending a snapshot of it along with the HTML.
- Invalid HTML tag nesting.

It can also happen if the client has a browser extension installed which messes with the HTML before React loaded.

https://react.dev/link/hydration-mismatch

  ...
    <RedirectBoundary>
      <RedirectErrorBoundary router={{...}}>
        <InnerLayoutRouter url="/" tree={[...]} params={{}} cacheNode={{rsc:{...}, ...}} segmentPath={[...]} ...>
          <SegmentViewNode type="page" pagePath="page.tsx">
            <SegmentTrieNode>
            <ClientPageRoot Component={function LandingPage} serverProvidedParams={{...}}>
              <LandingPage params={Promise} searchParams={Promise}>
                <div className="min-h-[100...">
                  <Nav>
                  <main>
                    <HeroSection r={true}>
                      <section className="relative o...">
                        <div className="mx-auto ma...">
                          <div className="grid items...">
                            <motion.div initial={{}} whileInView={{opacity:1,y:0}} viewport={{once:true, ...}} ...>
                              <div
                                style={{
-                                 opacity: "0"
-                                 transform: "translateY(24px)"
                                }}
                                ref={function useMotionRef.useCallback}
                              >
                            <motion.div initial={{}} animate={{}} transition={{duration:0.8, ...}} className="relative">
                              <div
                                className="relative"
                                style={{
-                                 opacity: "0"
-                                 transform: "translateX(40px)"
                                }}
                                ref={function useMotionRef.useCallback}
                              >
                    <TrustedBySection>
                    <PillarsSection r={true}>
                      <section className="py-20 md:p...">
                        <div className="mx-auto ma...">
                          <motion.div initial={{}} whileInView={{opacity:1,y:0}} viewport={{once:true, ...}} ...>
                            <div
                              className="mb-14 text-center"
                              style={{
-                               opacity: "0"
-                               transform: "translateY(24px)"
                              }}
                              ref={function useMotionRef.useCallback}
                            >
                          <div className="grid gap-6...">
                            ...
                              <a className="group rela..." ref={function} onClick={function onClick} ...>
                                <motion.div initial={{}} whileInView={{opacity:1,y:0}} viewport={{once:true, ...}} ...>
                                  <div
                                    className="h-full"
                                    style={{
-                                     opacity: "0"
-                                     transform: "translateY(24px)"
                                    }}
                                    ref={function useMotionRef.useCallback}
                                  >
                            ...
                              <a className="group rela..." ref={function} onClick={function onClick} ...>
                                <motion.div initial={{}} whileInView={{opacity:1,y:0}} viewport={{once:true, ...}} ...>
                                  <div
                                    className="h-full"
                                    style={{
-                                     opacity: "0"
-                                     transform: "translateY(24px)"
                                    }}
                                    ref={function useMotionRef.useCallback}
                                  >
                            ...
                              <a className="group rela..." ref={function} onClick={function onClick} ...>
                                <motion.div initial={{}} whileInView={{opacity:1,y:0}} viewport={{once:true, ...}} ...>
                                  <div
                                    className="h-full"
                                    style={{
-                                     opacity: "0"
-                                     transform: "translateY(24px)"
                                    }}
                                    ref={function useMotionRef.useCallback}
                                  >
                    <AIFeaturesSection r={true}>
                      <section className="py-20 md:p...">
                        <div className="mx-auto ma...">
                          <motion.div initial={{}} whileInView={{opacity:1,y:0}} viewport={{once:true, ...}} ...>
                            <div
                              style={{
-                               opacity: "0"
-                               transform: "translateY(24px)"
                              }}
                              ref={function useMotionRef.useCallback}
                            >
                          <div className="mt-12 grid...">
                            <motion.div initial={{}} whileInView={{opacity:1,y:0}} viewport={{once:true}} ...>
                              <div
                                className="flex gap-4 rounded-2xl border border-slate-200/60 bg-white p-6 transition-c..."
                                style={{
-                                 opacity: "0"
-                                 transform: "translateY(20px)"
                                }}
                                ref={function useMotionRef.useCallback}
                              >
                            <motion.div initial={{}} whileInView={{opacity:1,y:0}} viewport={{once:true}} ...>
                              <div
                                className="flex gap-4 rounded-2xl border border-slate-200/60 bg-white p-6 transition-c..."
                                style={{
-                                 opacity: "0"
-                                 transform: "translateY(20px)"
                                }}
                                ref={function useMotionRef.useCallback}
                              >
                            <motion.div initial={{}} whileInView={{opacity:1,y:0}} viewport={{once:true}} ...>
                              <div
                                className="flex gap-4 rounded-2xl border border-slate-200/60 bg-white p-6 transition-c..."
                                style={{
-                                 opacity: "0"
-                                 transform: "translateY(20px)"
                                }}
                                ref={function useMotionRef.useCallback}
                              >
                            <motion.div initial={{}} whileInView={{opacity:1,y:0}} viewport={{once:true}} ...>
                              <div
                                className="flex gap-4 rounded-2xl border border-slate-200/60 bg-white p-6 transition-c..."
                                style={{
-                                 opacity: "0"
-                                 transform: "translateY(20px)"
                                }}
                                ref={function useMotionRef.useCallback}
                              >
                    <HowItWorksSection r={true}>
                      <section className="py-20 md:p...">
                        <div className="mx-auto ma...">
                          <motion.div initial={{}} whileInView={{opacity:1,y:0}} viewport={{once:true, ...}} ...>
                            <div
                              className="mb-14 text-center"
                              style={{
-                               opacity: "0"
-                               transform: "translateY(24px)"
                              }}
                              ref={function useMotionRef.useCallback}
                            >
                          <div className="grid gap-8...">
                            <motion.div initial={{}} whileInView={{opacity:1,y:0}} viewport={{once:true}} ...>
                              <div
                                className="relative text-center"
                                style={{
-                                 opacity: "0"
-                                 transform: "translateY(24px)"
                                }}
                                ref={function useMotionRef.useCallback}
                              >
                            <motion.div initial={{}} whileInView={{opacity:1,y:0}} viewport={{once:true}} ...>
                              <div
                                className="relative text-center"
                                style={{
-                                 opacity: "0"
-                                 transform: "translateY(24px)"
                                }}
                                ref={function useMotionRef.useCallback}
                              >
                            <motion.div initial={{}} whileInView={{opacity:1,y:0}} viewport={{once:true}} ...>
                              <div
                                className="relative text-center"
                                style={{
-                                 opacity: "0"
-                                 transform: "translateY(24px)"
                                }}
                                ref={function useMotionRef.useCallback}
                              >
                    <CTASection r={true}>
                      <section className="py-24 md:p...">
                        <div className="mx-auto ma...">
                          <motion.div initial={{}} whileInView={{opacity:1,y:0}} viewport={{once:true}} ...>
                            <div
                              className="relative overflow-hidden rounded-3xl bg-emerald-600 px-8 py-16 text-center te..."
                              style={{
-                               opacity: "0"
-                               transform: "translateY(30px)"
                              }}
                              ref={function useMotionRef.useCallback}
                            >
                  ...
          ...
        ...
 
    at <unknown> (file://C:/Users/rushd/Downloads/god is great/ecosphere/.next/dev/static/chunks/node_modules_next_dist_compiled_react-dom_096_9a-._.js:3439:25)
    at runWithFiberInDEV (file://C:/Users/rushd/Downloads/god is great/ecosphere/.next/dev/static/chunks/node_modules_next_dist_compiled_react-dom_096_9a-._.js:965:74)
    at emitPendingHydrationWarnings (file://C:/Users/rushd/Downloads/god is great/ecosphere/.next/dev/static/chunks/node_modules_next_dist_compiled_react-dom_096_9a-._.js:3438:13)
    at completeWork (file://C:/Users/rushd/Downloads/god is great/ecosphere/.next/dev/static/chunks/node_modules_next_dist_compiled_react-dom_096_9a-._.js:6885:102)
    at runWithFiberInDEV (file://C:/Users/rushd/Downloads/god is great/ecosphere/.next/dev/static/chunks/node_modules_next_dist_compiled_react-dom_096_9a-._.js:965:131)
    at completeUnitOfWork (file://C:/Users/rushd/Downloads/god is great/ecosphere/.next/dev/static/chunks/node_modules_next_dist_compiled_react-dom_096_9a-._.js:9622:23)
    at performUnitOfWork (file://C:/Users/rushd/Downloads/god is great/ecosphere/.next/dev/static/chunks/node_modules_next_dist_compiled_react-dom_096_9a-._.js:9557:28)
    at workLoopConcurrentByScheduler (file://C:/Users/rushd/Downloads/god is great/ecosphere/.next/dev/static/chunks/node_modules_next_dist_compiled_react-dom_096_9a-._.js:9551:58)
    at renderRootConcurrent (file://C:/Users/rushd/Downloads/god is great/ecosphere/.next/dev/static/chunks/node_modules_next_dist_compiled_react-dom_096_9a-._.js:9534:71)
    at performWorkOnRoot (file://C:/Users/rushd/Downloads/god is great/ecosphere/.next/dev/static/chunks/node_modules_next_dist_compiled_react-dom_096_9a-._.js:9061:150)
    at performWorkOnRootViaSchedulerTask (file://C:/Users/rushd/Downloads/god is great/ecosphere/.next/dev/static/chunks/node_modules_next_dist_compiled_react-dom_096_9a-._.js:10255:9)
    at MessagePort.performWorkUntilDeadline (file://C:/Users/rushd/Downloads/god is great/ecosphere/.next/dev/static/chunks/node_modules_next_dist_compiled_1amofcm._.js:2647:64) (file://C:/Users/rushd/Downloads/god is great/ecosphere/.next/dev/static/chunks/node_modules_next_dist_compiled_react-dom_096_9a-._.js:3439:25)
