
> ecosphere@0.1.0 dev
> next dev -p 3001

▲ Next.js 16.2.10 (Turbopack)
- Local:         http://localhost:3001
- Network:       http://10.233.180.225:3001
- Environments: .env
✓ Ready in 1727ms

 GET / 200 in 1012ms (next.js: 471ms, application-code: 540ms)
 GET / 200 in 129ms (next.js: 17ms, application-code: 113ms)
 GET / 200 in 116ms (next.js: 12ms, application-code: 104ms)
 GET / 200 in 105ms (next.js: 10ms, application-code: 95ms)
 GET /dashboard 200 in 324ms (next.js: 84ms, application-code: 239ms)
 GET /api/actions 400 in 442ms (next.js: 422ms, application-code: 20ms)
 GET /api/reports?type=compliance 400 in 1377ms (next.js: 1360ms, application-code: 17ms)
 GET /api/macc 200 in 1133ms (next.js: 1114ms, application-code: 18ms)
 GET / 200 in 116ms (next.js: 11ms, application-code: 105ms)
 GET /api/evidence?type=summary 200 in 3.7s (next.js: 241ms, application-code: 3.4s)
 GET /dashboard 200 in 139ms (next.js: 12ms, application-code: 127ms)
prisma:query SELECT COUNT(*) FROM (SELECT "public"."EvidenceRecord"."id" FROM "public"."EvidenceRecord" WHERE 1=1 OFFSET $1) AS "sub"
 GET /api/actions 400 in 39ms (next.js: 25ms, application-code: 14ms)
 GET /api/reports?type=compliance 400 in 38ms (next.js: 26ms, application-code: 12ms)
 GET /api/macc 200 in 54ms (next.js: 43ms, application-code: 12ms)
prisma:query SELECT COUNT(*) FROM (SELECT "public"."EvidenceRecord"."id" FROM "public"."EvidenceRecord" WHERE 1=1 OFFSET $1) AS "sub"
 GET /api/evidence?type=summary 200 in 298ms (next.js: 9ms, application-code: 289ms)
 GET /environment 200 in 408ms (next.js: 69ms, application-code: 340ms)
 GET /api/macc 200 in 20ms (next.js: 5ms, application-code: 14ms)
 GET /environment 200 in 136ms (next.js: 10ms, application-code: 126ms)
 GET /api/macc 200 in 17ms (next.js: 5ms, application-code: 12ms)
 GET /social 200 in 221ms (next.js: 72ms, application-code: 149ms)
prisma:query SELECT "public"."Department"."id", "public"."Department"."name" FROM "public"."Department" WHERE 1=1 OFFSET $1
prisma:query SELECT "public"."EmployeeAction"."id", "public"."EmployeeAction"."carbonSaved", "public"."EmployeeAction"."xpAwarded", "public"."EmployeeAction"."departmentId" FROM "public"."EmployeeAction" WHERE "public"."EmployeeAction"."departmentId" IN ($1,$2,$3,$4,$5,$6,$7,$8,$9,$10) OFFSET $11
 GET /api/actions?leaderboard=true 200 in 1232ms (next.js: 6ms, application-code: 1226ms)
 GET /social 200 in 132ms (next.js: 10ms, application-code: 122ms)
prisma:query SELECT "public"."Department"."id", "public"."Department"."name" FROM "public"."Department" WHERE 1=1 OFFSET $1
prisma:query SELECT "public"."EmployeeAction"."id", "public"."EmployeeAction"."carbonSaved", "public"."EmployeeAction"."xpAwarded", "public"."EmployeeAction"."departmentId" FROM "public"."EmployeeAction" WHERE "public"."EmployeeAction"."departmentId" IN ($1,$2,$3,$4,$5,$6,$7,$8,$9,$10) OFFSET $11
 GET /api/actions?leaderboard=true 200 in 588ms (next.js: 7ms, application-code: 580ms)
 GET /governance 200 in 184ms (next.js: 74ms, application-code: 110ms)
 GET /api/reports?type=compliance 400 in 21ms (next.js: 8ms, application-code: 13ms)
prisma:query SELECT 1
prisma:query SELECT COUNT(*) FROM (SELECT "public"."EvidenceRecord"."id" FROM "public"."EvidenceRecord" WHERE 1=1 OFFSET $1) AS "sub"
 GET /api/evidence 200 in 603ms (next.js: 28ms, application-code: 575ms)
 GET /governance 200 in 93ms (next.js: 9ms, application-code: 84ms)
 GET /api/reports?type=compliance 400 in 20ms (next.js: 7ms, application-code: 14ms)
prisma:query SELECT COUNT(*) FROM (SELECT "public"."EvidenceRecord"."id" FROM "public"."EvidenceRecord" WHERE 1=1 OFFSET $1) AS "sub"
 GET /api/evidence 200 in 324ms (next.js: 26ms, application-code: 298ms)
 GET /reports 200 in 188ms (next.js: 78ms, application-code: 110ms)
 GET /reports 200 in 107ms (next.js: 11ms, application-code: 96ms)
 GET /goals 200 in 205ms (next.js: 80ms, application-code: 125ms)
 GET /goals 200 in 112ms (next.js: 9ms, application-code: 103ms)
 GET /rewards 200 in 182ms (next.js: 74ms, application-code: 108ms)
 GET /rewards 200 in 128ms (next.js: 10ms, application-code: 118ms)
 GET /settings 200 in 189ms (next.js: 79ms, application-code: 111ms)
 GET /settings 200 in 114ms (next.js: 9ms, application-code: 105ms)
 GET /dashboard 200 in 128ms (next.js: 10ms, application-code: 118ms)
 GET /api/actions 400 in 39ms (next.js: 25ms, application-code: 13ms)
 GET /api/reports?type=compliance 400 in 39ms (next.js: 26ms, application-code: 13ms)
 GET /api/macc 200 in 37ms (next.js: 24ms, application-code: 13ms)
prisma:query SELECT 1
prisma:query SELECT COUNT(*) FROM (SELECT "public"."EvidenceRecord"."id" FROM "public"."EvidenceRecord" WHERE 1=1 OFFSET $1) AS "sub"
 GET /api/evidence?type=summary 200 in 580ms (next.js: 9ms, application-code: 571ms)
 GET /dashboard 200 in 31ms (next.js: 10ms, application-code: 21ms)
 GET /dashboard 200 in 41ms (next.js: 9ms, application-code: 33ms)
 GET /api/actions 400 in 37ms (next.js: 24ms, application-code: 13ms)
 GET /api/reports?type=compliance 400 in 56ms (next.js: 43ms, application-code: 13ms)
 GET /api/macc 200 in 40ms (next.js: 27ms, application-code: 13ms)
prisma:query SELECT COUNT(*) FROM (SELECT "public"."EvidenceRecord"."id" FROM "public"."EvidenceRecord" WHERE 1=1 OFFSET $1) AS "sub"
 GET /api/evidence?type=summary 200 in 296ms (next.js: 7ms, application-code: 289ms)
 GET /dashboard 200 in 148ms (next.js: 10ms, application-code: 138ms)
 GET /api/actions 400 in 45ms (next.js: 29ms, application-code: 16ms)
 GET /api/reports?type=compliance 400 in 67ms (next.js: 52ms, application-code: 15ms)
 GET /api/macc 200 in 25ms (next.js: 8ms, application-code: 16ms)
prisma:query SELECT COUNT(*) FROM (SELECT "public"."EvidenceRecord"."id" FROM "public"."EvidenceRecord" WHERE 1=1 OFFSET $1) AS "sub"
 GET /api/evidence?type=summary 200 in 303ms (next.js: 13ms, application-code: 291ms)
 GET /environment 200 in 183ms (next.js: 13ms, application-code: 170ms)
 GET /api/macc 200 in 25ms (next.js: 8ms, application-code: 17ms)
 GET /social 200 in 138ms (next.js: 11ms, application-code: 128ms)
prisma:query SELECT 1
prisma:query SELECT "public"."Department"."id", "public"."Department"."name" FROM "public"."Department" WHERE 1=1 OFFSET $1
prisma:query SELECT "public"."EmployeeAction"."id", "public"."EmployeeAction"."carbonSaved", "public"."EmployeeAction"."xpAwarded", "public"."EmployeeAction"."departmentId" FROM "public"."EmployeeAction" WHERE "public"."EmployeeAction"."departmentId" IN ($1,$2,$3,$4,$5,$6,$7,$8,$9,$10) OFFSET $11
 GET /api/actions?leaderboard=true 200 in 866ms (next.js: 5ms, application-code: 861ms)
 GET /governance 200 in 175ms (next.js: 13ms, application-code: 161ms)
 GET /api/reports?type=compliance 400 in 23ms (next.js: 8ms, application-code: 15ms)
prisma:query SELECT COUNT(*) FROM (SELECT "public"."EvidenceRecord"."id" FROM "public"."EvidenceRecord" WHERE 1=1 OFFSET $1) AS "sub"
 GET /api/evidence 200 in 328ms (next.js: 33ms, application-code: 295ms)
 POST /api/reports 500 in 462ms (next.js: 9ms, application-code: 452ms)
 GET /reports 200 in 169ms (next.js: 12ms, application-code: 157ms)
prisma:query SELECT "public"."Organization"."id", "public"."Organization"."name", "public"."Organization"."industry", "public"."Organization"."createdAt", "public"."Organization"."updatedAt" FROM "public"."Organization" WHERE 1=1 LIMIT $1 OFFSET $2
prisma:query SELECT "public"."ESGMetric"."id", "public"."ESGMetric"."organizationId", "public"."ESGMetric"."scope", "public"."ESGMetric"."value", "public"."ESGMetric"."unit", "public"."ESGMetric"."confidence", "public"."ESGMetric"."category", "public"."ESGMetric"."sourceDocumentId", "public"."ESGMetric"."extractionLogic", "public"."ESGMetric"."emissionFactorUsed", "public"."ESGMetric"."emissionFactorVersion", "public"."ESGMetric"."description", "public"."ESGMetric"."period", "public"."ESGMetric"."createdAt", "public"."ESGMetric"."updatedAt" FROM "public"."ESGMetric" WHERE ("public"."ESGMetric"."organizationId" = $1 AND "public"."ESGMetric"."period" = $2) OFFSET $3
prisma:query SELECT "public"."EmployeeAction"."id", "public"."EmployeeAction"."actionType", "public"."EmployeeAction"."carbonSaved", "public"."EmployeeAction"."xpAwarded", "public"."EmployeeAction"."confidence", "public"."EmployeeAction"."evidenceType", "public"."EmployeeAction"."evidenceUrl", "public"."EmployeeAction"."employeeId", "public"."EmployeeAction"."departmentId", "public"."EmployeeAction"."status", "public"."EmployeeAction"."notes", "public"."EmployeeAction"."createdAt", "public"."EmployeeAction"."updatedAt" FROM "public"."EmployeeAction" LEFT JOIN "public"."Department" AS "j1" ON ("j1"."id") = ("public"."EmployeeAction"."departmentId") WHERE ("j1"."organizationId" = $1 AND ("j1"."id" IS NOT NULL)) OFFSET $2
prisma:query SELECT "public"."Employee"."id", "public"."Employee"."name" FROM "public"."Employee" WHERE "public"."Employee"."id" IN ($1,$2,$3,$4,$5,$6,$7) OFFSET $8
prisma:query SELECT "public"."Department"."id", "public"."Department"."name" FROM "public"."Department" WHERE "public"."Department"."id" IN ($1,$2,$3,$4) OFFSET $5
prisma:query SELECT 1
prisma:query SELECT COUNT(*) FROM (SELECT "public"."EvidenceRecord"."id" FROM "public"."EvidenceRecord" WHERE 1=1 OFFSET $1) AS "sub"
prisma:query SELECT "public"."EvidenceRecord"."id", "public"."EvidenceRecord"."contentHash", "public"."EvidenceRecord"."previousHash", "public"."EvidenceRecord"."source", "public"."EvidenceRecord"."sourceId", "public"."EvidenceRecord"."metricId", "public"."EvidenceRecord"."actionId", "public"."EvidenceRecord"."content", "public"."EvidenceRecord"."createdAt" FROM "public"."EvidenceRecord" WHERE 1=1 ORDER BY "public"."EvidenceRecord"."createdAt" ASC OFFSET $1
 POST /api/reports 200 in 4.7s (next.js: 9ms, application-code: 4.7s)
 GET /settings 200 in 213ms (next.js: 13ms, application-code: 201ms)
prisma:query SELECT "public"."Organization"."id", "public"."Organization"."name", "public"."Organization"."industry", "public"."Organization"."createdAt", "public"."Organization"."updatedAt" FROM "public"."Organization" WHERE 1=1 LIMIT $1 OFFSET $2
prisma:query SELECT "public"."ESGMetric"."id", "public"."ESGMetric"."organizationId", "public"."ESGMetric"."scope", "public"."ESGMetric"."value", "public"."ESGMetric"."unit", "public"."ESGMetric"."confidence", "public"."ESGMetric"."category", "public"."ESGMetric"."sourceDocumentId", "public"."ESGMetric"."extractionLogic", "public"."ESGMetric"."emissionFactorUsed", "public"."ESGMetric"."emissionFactorVersion", "public"."ESGMetric"."description", "public"."ESGMetric"."period", "public"."ESGMetric"."createdAt", "public"."ESGMetric"."updatedAt" FROM "public"."ESGMetric" WHERE ("public"."ESGMetric"."organizationId" = $1 AND "public"."ESGMetric"."period" = $2) OFFSET $3
prisma:query SELECT "public"."EmployeeAction"."id", "public"."EmployeeAction"."actionType", "public"."EmployeeAction"."carbonSaved", "public"."EmployeeAction"."xpAwarded", "public"."EmployeeAction"."confidence", "public"."EmployeeAction"."evidenceType", "public"."EmployeeAction"."evidenceUrl", "public"."EmployeeAction"."employeeId", "public"."EmployeeAction"."departmentId", "public"."EmployeeAction"."status", "public"."EmployeeAction"."notes", "public"."EmployeeAction"."createdAt", "public"."EmployeeAction"."updatedAt" FROM "public"."EmployeeAction" LEFT JOIN "public"."Department" AS "j1" ON ("j1"."id") = ("public"."EmployeeAction"."departmentId") WHERE ("j1"."organizationId" = $1 AND ("j1"."id" IS NOT NULL)) OFFSET $2
prisma:query SELECT "public"."Employee"."id", "public"."Employee"."name" FROM "public"."Employee" WHERE "public"."Employee"."id" IN ($1,$2,$3,$4,$5,$6,$7) OFFSET $8
prisma:query SELECT "public"."Department"."id", "public"."Department"."name" FROM "public"."Department" WHERE "public"."Department"."id" IN ($1,$2,$3,$4) OFFSET $5
prisma:query SELECT COUNT(*) FROM (SELECT "public"."EvidenceRecord"."id" FROM "public"."EvidenceRecord" WHERE 1=1 OFFSET $1) AS "sub"
prisma:query SELECT "public"."EvidenceRecord"."id", "public"."EvidenceRecord"."contentHash", "public"."EvidenceRecord"."previousHash", "public"."EvidenceRecord"."source", "public"."EvidenceRecord"."sourceId", "public"."EvidenceRecord"."metricId", "public"."EvidenceRecord"."actionId", "public"."EvidenceRecord"."content", "public"."EvidenceRecord"."createdAt" FROM "public"."EvidenceRecord" WHERE 1=1 ORDER BY "public"."EvidenceRecord"."createdAt" ASC OFFSET $1
 POST /api/reports 200 in 2.7s (next.js: 8ms, application-code: 2.7s)
 GET /dashboard 200 in 80ms (next.js: 17ms, application-code: 63ms)
 GET /api/actions 400 in 52ms (next.js: 36ms, application-code: 16ms)
 GET /api/reports?type=compliance 400 in 47ms (next.js: 34ms, application-code: 13ms)
 GET /api/macc 200 in 31ms (next.js: 12ms, application-code: 19ms)
 GET /api/actions 400 in 30ms (next.js: 13ms, application-code: 18ms)
 GET /api/reports?type=compliance 400 in 49ms (next.js: 37ms, application-code: 13ms)
 GET /api/macc 200 in 32ms (next.js: 14ms, application-code: 18ms)
prisma:query SELECT 1
prisma:query SELECT COUNT(*) FROM (SELECT "public"."EvidenceRecord"."id" FROM "public"."EvidenceRecord" WHERE 1=1 OFFSET $1) AS "sub"
 GET /api/evidence?type=summary 200 in 576ms (next.js: 12ms, application-code: 564ms)
prisma:query SELECT COUNT(*) FROM (SELECT "public"."EvidenceRecord"."id" FROM "public"."EvidenceRecord" WHERE 1=1 OFFSET $1) AS "sub"
 GET /api/evidence?type=summary 200 in 302ms (next.js: 8ms, application-code: 293ms)
 GET /rewards 200 in 59ms (next.js: 11ms, application-code: 49ms)
 GET /goals 200 in 56ms (next.js: 11ms, application-code: 45ms)
 GET /social 200 in 65ms (next.js: 14ms, application-code: 51ms)
prisma:query SELECT "public"."Department"."id", "public"."Department"."name" FROM "public"."Department" WHERE 1=1 OFFSET $1
prisma:query SELECT "public"."EmployeeAction"."id", "public"."EmployeeAction"."carbonSaved", "public"."EmployeeAction"."xpAwarded", "public"."EmployeeAction"."departmentId" FROM "public"."EmployeeAction" WHERE "public"."EmployeeAction"."departmentId" IN ($1,$2,$3,$4,$5,$6,$7,$8,$9,$10) OFFSET $11
 GET /api/actions?leaderboard=true 200 in 855ms (next.js: 7ms, application-code: 848ms)
prisma:query SELECT "public"."Department"."id", "public"."Department"."name" FROM "public"."Department" WHERE 1=1 OFFSET $1
prisma:query SELECT "public"."EmployeeAction"."id", "public"."EmployeeAction"."carbonSaved", "public"."EmployeeAction"."xpAwarded", "public"."EmployeeAction"."departmentId" FROM "public"."EmployeeAction" WHERE "public"."EmployeeAction"."departmentId" IN ($1,$2,$3,$4,$5,$6,$7,$8,$9,$10) OFFSET $11
 GET /api/actions?leaderboard=true 200 in 585ms (next.js: 8ms, application-code: 577ms)
 GET /settings 200 in 113ms (next.js: 10ms, application-code: 103ms)
 GET /governance 200 in 60ms (next.js: 11ms, application-code: 49ms)
 GET /api/reports?type=compliance 400 in 27ms (next.js: 9ms, application-code: 18ms)
 GET /api/reports?type=compliance 400 in 24ms (next.js: 9ms, application-code: 15ms)
prisma:query SELECT 1
prisma:query SELECT COUNT(*) FROM (SELECT "public"."EvidenceRecord"."id" FROM "public"."EvidenceRecord" WHERE 1=1 OFFSET $1) AS "sub"
 GET /api/evidence 200 in 609ms (next.js: 33ms, application-code: 576ms)
prisma:query SELECT COUNT(*) FROM (SELECT "public"."EvidenceRecord"."id" FROM "public"."EvidenceRecord" WHERE 1=1 OFFSET $1) AS "sub"
 GET /api/evidence 200 in 294ms (next.js: 7ms, application-code: 287ms)
 GET /social 200 in 66ms (next.js: 13ms, application-code: 52ms)
prisma:query SELECT "public"."Department"."id", "public"."Department"."name" FROM "public"."Department" WHERE 1=1 OFFSET $1
prisma:query SELECT "public"."EmployeeAction"."id", "public"."EmployeeAction"."carbonSaved", "public"."EmployeeAction"."xpAwarded", "public"."EmployeeAction"."departmentId" FROM "public"."EmployeeAction" WHERE "public"."EmployeeAction"."departmentId" IN ($1,$2,$3,$4,$5,$6,$7,$8,$9,$10) OFFSET $11
 GET /api/actions?leaderboard=true 200 in 589ms (next.js: 8ms, application-code: 581ms)
prisma:query SELECT "public"."Department"."id", "public"."Department"."name" FROM "public"."Department" WHERE 1=1 OFFSET $1
prisma:query SELECT "public"."EmployeeAction"."id", "public"."EmployeeAction"."carbonSaved", "public"."EmployeeAction"."xpAwarded", "public"."EmployeeAction"."departmentId" FROM "public"."EmployeeAction" WHERE "public"."EmployeeAction"."departmentId" IN ($1,$2,$3,$4,$5,$6,$7,$8,$9,$10) OFFSET $11
 GET /api/actions?leaderboard=true 200 in 578ms (next.js: 8ms, application-code: 570ms)
 GET /environment 200 in 63ms (next.js: 11ms, application-code: 52ms)
 GET /api/macc 200 in 24ms (next.js: 7ms, application-code: 17ms)
 GET /api/macc 200 in 20ms (next.js: 7ms, application-code: 13ms)
 GET /dashboard 200 in 60ms (next.js: 13ms, application-code: 46ms)
 GET /api/actions 400 in 35ms (next.js: 23ms, application-code: 12ms)
 GET /api/reports?type=compliance 400 in 56ms (next.js: 43ms, application-code: 13ms)
 GET /api/macc 200 in 41ms (next.js: 28ms, application-code: 13ms)
 GET /api/actions 400 in 26ms (next.js: 12ms, application-code: 15ms)
 GET /api/reports?type=compliance 400 in 53ms (next.js: 35ms, application-code: 18ms)
 GET /api/macc 200 in 75ms (next.js: 60ms, application-code: 15ms)
prisma:query SELECT COUNT(*) FROM (SELECT "public"."EvidenceRecord"."id" FROM "public"."EvidenceRecord" WHERE 1=1 OFFSET $1) AS "sub"
 GET /api/evidence?type=summary 200 in 296ms (next.js: 9ms, application-code: 287ms)
prisma:query SELECT COUNT(*) FROM (SELECT "public"."EvidenceRecord"."id" FROM "public"."EvidenceRecord" WHERE 1=1 OFFSET $1) AS "sub"
 GET /api/evidence?type=summary 200 in 311ms (next.js: 12ms, application-code: 299ms)
 GET /environment 200 in 57ms (next.js: 14ms, application-code: 43ms)
 GET /api/macc 200 in 21ms (next.js: 8ms, application-code: 13ms)
 GET /api/macc 200 in 20ms (next.js: 6ms, application-code: 13ms)
 GET /goals 200 in 59ms (next.js: 11ms, application-code: 49ms)
 GET /rewards 200 in 50ms (next.js: 10ms, application-code: 40ms)
 GET /reports 200 in 52ms (next.js: 11ms, application-code: 41ms)
 GET /governance 200 in 32ms (next.js: 7ms, application-code: 26ms)
 GET /api/reports?type=compliance 400 in 13ms (next.js: 5ms, application-code: 8ms)
 GET /api/reports?type=compliance 400 in 15ms (next.js: 4ms, application-code: 11ms)
prisma:query SELECT 1
prisma:query SELECT COUNT(*) FROM (SELECT "public"."EvidenceRecord"."id" FROM "public"."EvidenceRecord" WHERE 1=1 OFFSET $1) AS "sub"
 GET /api/evidence 200 in 569ms (next.js: 16ms, application-code: 552ms)
prisma:query SELECT COUNT(*) FROM (SELECT "public"."EvidenceRecord"."id" FROM "public"."EvidenceRecord" WHERE 1=1 OFFSET $1) AS "sub"
 GET /api/evidence 200 in 291ms (next.js: 5ms, application-code: 286ms)
 GET /social 200 in 32ms (next.js: 7ms, application-code: 25ms)
prisma:query SELECT "public"."Department"."id", "public"."Department"."name" FROM "public"."Department" WHERE 1=1 OFFSET $1
prisma:query SELECT "public"."EmployeeAction"."id", "public"."EmployeeAction"."carbonSaved", "public"."EmployeeAction"."xpAwarded", "public"."EmployeeAction"."departmentId" FROM "public"."EmployeeAction" WHERE "public"."EmployeeAction"."departmentId" IN ($1,$2,$3,$4,$5,$6,$7,$8,$9,$10) OFFSET $11
 GET /api/actions?leaderboard=true 200 in 574ms (next.js: 4ms, application-code: 570ms)
prisma:query SELECT "public"."Department"."id", "public"."Department"."name" FROM "public"."Department" WHERE 1=1 OFFSET $1
prisma:query SELECT "public"."EmployeeAction"."id", "public"."EmployeeAction"."carbonSaved", "public"."EmployeeAction"."xpAwarded", "public"."EmployeeAction"."departmentId" FROM "public"."EmployeeAction" WHERE "public"."EmployeeAction"."departmentId" IN ($1,$2,$3,$4,$5,$6,$7,$8,$9,$10) OFFSET $11
 GET /api/actions?leaderboard=true 200 in 993ms (next.js: 8ms, application-code: 985ms)
prisma:error Error in PostgreSQL connection: Error { kind: Io, cause: Some(Os { code: 10054, kind: ConnectionReset, message: "An existing connection was forcibly closed by the remote host." }) }
 GET /environment 200 in 262ms (next.js: 63ms, application-code: 199ms)
 GET /api/macc 200 in 67ms (next.js: 10ms, application-code: 57ms)
 GET /api/macc 200 in 41ms (next.js: 13ms, application-code: 27ms)
 GET /dashboard 200 in 76ms (next.js: 14ms, application-code: 62ms)
 GET /api/actions 400 in 50ms (next.js: 36ms, application-code: 14ms)
 GET /api/reports?type=compliance 400 in 73ms (next.js: 58ms, application-code: 16ms)
 GET /api/macc 200 in 26ms (next.js: 13ms, application-code: 13ms)
 GET /api/actions 400 in 24ms (next.js: 10ms, application-code: 14ms)
 GET /api/reports?type=compliance 400 in 47ms (next.js: 29ms, application-code: 17ms)
 GET /api/macc 200 in 27ms (next.js: 11ms, application-code: 16ms)
prisma:query SELECT COUNT(*) FROM (SELECT "public"."EvidenceRecord"."id" FROM "public"."EvidenceRecord" WHERE 1=1 OFFSET $1) AS "sub"
 GET /api/evidence?type=summary 200 in 3.7s (next.js: 12ms, application-code: 3.7s)
prisma:query SELECT COUNT(*) FROM (SELECT "public"."EvidenceRecord"."id" FROM "public"."EvidenceRecord" WHERE 1=1 OFFSET $1) AS "sub"
 GET /api/evidence?type=summary 200 in 269ms (next.js: 6ms, application-code: 263ms)
 GET /environment 200 in 61ms (next.js: 11ms, application-code: 50ms)
 GET /api/macc 200 in 23ms (next.js: 8ms, application-code: 15ms)
 GET /api/macc 200 in 21ms (next.js: 7ms, application-code: 14ms)
 GET /api/actions 400 in 13ms (next.js: 5ms, application-code: 8ms)
 GET /api/reports?type=compliance 400 in 14ms (next.js: 4ms, application-code: 10ms)
prisma:query SELECT 1
prisma:query SELECT COUNT(*) FROM (SELECT "public"."EvidenceRecord"."id" FROM "public"."EvidenceRecord" WHERE 1=1 OFFSET $1) AS "sub"
 GET /api/evidence?type=summary 200 in 514ms (next.js: 4ms, application-code: 510ms)
 GET /api/macc 200 in 19ms (next.js: 7ms, application-code: 12ms)
✓ Compiled in 709ms
 GET /environment 200 in 416ms (next.js: 312ms, application-code: 104ms)
 GET / 200 in 141ms (next.js: 64ms, application-code: 77ms)
✓ Compiled in 181ms
 GET / 200 in 367ms (next.js: 240ms, application-code: 127ms)
 GET /environment 200 in 375ms (next.js: 275ms, application-code: 100ms)
 GET /governance 200 in 134ms (next.js: 60ms, application-code: 73ms)
 GET /api/reports?type=compliance 400 in 185ms (next.js: 158ms, application-code: 27ms)
 GET /api/reports?type=compliance 400 in 25ms (next.js: 9ms, application-code: 16ms)
prisma:query SELECT 1
prisma:query SELECT COUNT(*) FROM (SELECT "public"."EvidenceRecord"."id" FROM "public"."EvidenceRecord" WHERE 1=1 OFFSET $1) AS "sub"
 GET /api/evidence 200 in 607ms (next.js: 82ms, application-code: 524ms)
prisma:query SELECT COUNT(*) FROM (SELECT "public"."EvidenceRecord"."id" FROM "public"."EvidenceRecord" WHERE 1=1 OFFSET $1) AS "sub"
 GET /api/evidence 200 in 269ms (next.js: 8ms, application-code: 261ms)
✓ Compiled in 326ms
 GET /governance 200 in 927ms (next.js: 305ms, application-code: 622ms)
 GET /environment 200 in 453ms (next.js: 326ms, application-code: 127ms)
